Configuring hjsmin-0.1.5.1...
Building hjsmin-0.1.5.1...
Preprocessing library hjsmin-0.1.5.1...
[1 of 2] Compiling Text.Jasmine.Pretty ( Text/Jasmine/Pretty.hs, .stack-work/dist/x86_64-linux/Cabal-1.22.4.0/build/Text/Jasmine/Pretty.o )

Text/Jasmine/Pretty.hs:8:1: Warning:
    The import of ‘Data.Monoid’ is redundant
      except perhaps to import instances from ‘Data.Monoid’
    To import instances alone, use: import Data.Monoid()
[2 of 2] Compiling Text.Jasmine     ( Text/Jasmine.hs, .stack-work/dist/x86_64-linux/Cabal-1.22.4.0/build/Text/Jasmine.o )

Text/Jasmine.hs:8:1: Warning:
    The import of ‘Control.Applicative’ is redundant
      except perhaps to import instances from ‘Control.Applicative’
    To import instances alone, use: import Control.Applicative()
In-place registering hjsmin-0.1.5.1...
Preprocessing executable 'hjsmin' for hjsmin-0.1.5.1...
[1 of 3] Compiling Text.Jasmine.Pretty ( Text/Jasmine/Pretty.hs, .stack-work/dist/x86_64-linux/Cabal-1.22.4.0/build/hjsmin/hjsmin-tmp/Text/Jasmine/Pretty.o )

Text/Jasmine/Pretty.hs:8:1: Warning:
    The import of ‘Data.Monoid’ is redundant
      except perhaps to import instances from ‘Data.Monoid’
    To import instances alone, use: import Data.Monoid()
[2 of 3] Compiling Text.Jasmine     ( Text/Jasmine.hs, .stack-work/dist/x86_64-linux/Cabal-1.22.4.0/build/hjsmin/hjsmin-tmp/Text/Jasmine.o )

Text/Jasmine.hs:8:1: Warning:
    The import of ‘Control.Applicative’ is redundant
      except perhaps to import instances from ‘Control.Applicative’
    To import instances alone, use: import Control.Applicative()
[3 of 3] Compiling Main             ( hjsmin.hs, .stack-work/dist/x86_64-linux/Cabal-1.22.4.0/build/hjsmin/hjsmin-tmp/Main.o )
Linking .stack-work/dist/x86_64-linux/Cabal-1.22.4.0/build/hjsmin/hjsmin ...
Installing library in
/home/caue/.stack/snapshots/x86_64-linux/lts-3.15/7.10.2/lib/x86_64-linux-ghc-7.10.2/hjsmin-0.1.5.1-0gmq3BNaLtcBjA3VGkQXjz
Installing executable(s) in
/home/caue/.stack/snapshots/x86_64-linux/lts-3.15/7.10.2/bin
Registering hjsmin-0.1.5.1...
