Configuring yesod-auth-1.4.8...
Building yesod-auth-1.4.8...
Preprocessing library yesod-auth-1.4.8...
[ 1 of 11] Compiling Yesod.PasswordStore ( Yesod/PasswordStore.hs, .stack-work/dist/x86_64-linux/Cabal-1.22.4.0/build/Yesod/PasswordStore.o )

Yesod/PasswordStore.hs:166:31: Warning:
    Defaulting the following constraint(s) to type ‘Integer’
      (Integral b0)
        arising from a use of ‘^’ at Yesod/PasswordStore.hs:166:31
      (Num b0)
        arising from the literal ‘32’ at Yesod/PasswordStore.hs:166:32-33
    In the first argument of ‘(-)’, namely ‘2 ^ 32’
    In the first argument of ‘(*)’, namely ‘(2 ^ 32 - 1)’
    In the second argument of ‘(>)’, namely ‘(2 ^ 32 - 1) * hLen’

Yesod/PasswordStore.hs:419:1: Warning:
    Defined but not used: ‘toStrict’

Yesod/PasswordStore.hs:422:1: Warning:
    Defined but not used: ‘fromStrict’
[ 2 of 11] Compiling Yesod.Auth.Message ( Yesod/Auth/Message.hs, .stack-work/dist/x86_64-linux/Cabal-1.22.4.0/build/Yesod/Auth/Message.o )

Yesod/Auth/Message.hs:22:1: Warning:
    The import of ‘Data.Monoid’ is redundant
      except perhaps to import instances from ‘Data.Monoid’
    To import instances alone, use: import Data.Monoid()
[ 3 of 11] Compiling Yesod.Auth.Routes ( Yesod/Auth/Routes.hs, .stack-work/dist/x86_64-linux/Cabal-1.22.4.0/build/Yesod/Auth/Routes.o )
[ 4 of 11] Compiling Yesod.Auth       ( Yesod/Auth.hs, .stack-work/dist/x86_64-linux/Cabal-1.22.4.0/build/Yesod/Auth.o )

Yesod/Auth.hs:49:1: Warning:
    The import of ‘Control.Applicative’ is redundant
      except perhaps to import instances from ‘Control.Applicative’
    To import instances alone, use: import Control.Applicative()
[ 5 of 11] Compiling Yesod.Auth.BrowserId ( Yesod/Auth/BrowserId.hs, .stack-work/dist/x86_64-linux/Cabal-1.22.4.0/build/Yesod/Auth/BrowserId.o )
[ 6 of 11] Compiling Yesod.Auth.Dummy ( Yesod/Auth/Dummy.hs, .stack-work/dist/x86_64-linux/Cabal-1.22.4.0/build/Yesod/Auth/Dummy.o )
[ 7 of 11] Compiling Yesod.Auth.Email ( Yesod/Auth/Email.hs, .stack-work/dist/x86_64-linux/Cabal-1.22.4.0/build/Yesod/Auth/Email.o )

Yesod/Auth/Email.hs:59:1: Warning:
    The import of ‘Control.Applicative’ is redundant
      except perhaps to import instances from ‘Control.Applicative’
    To import instances alone, use: import Control.Applicative()
[ 8 of 11] Compiling Yesod.Auth.OpenId ( Yesod/Auth/OpenId.hs, .stack-work/dist/x86_64-linux/Cabal-1.22.4.0/build/Yesod/Auth/OpenId.o )
[ 9 of 11] Compiling Yesod.Auth.Rpxnow ( Yesod/Auth/Rpxnow.hs, .stack-work/dist/x86_64-linux/Cabal-1.22.4.0/build/Yesod/Auth/Rpxnow.o )
[10 of 11] Compiling Yesod.Auth.GoogleEmail ( Yesod/Auth/GoogleEmail.hs, .stack-work/dist/x86_64-linux/Cabal-1.22.4.0/build/Yesod/Auth/GoogleEmail.o )
[11 of 11] Compiling Yesod.Auth.GoogleEmail2 ( Yesod/Auth/GoogleEmail2.hs, .stack-work/dist/x86_64-linux/Cabal-1.22.4.0/build/Yesod/Auth/GoogleEmail2.o )

Yesod/Auth/GoogleEmail2.hs:56:1: Warning:
    The import of ‘authRoute’ from module ‘Yesod.Core’ is redundant

Yesod/Auth/GoogleEmail2.hs:67:1: Warning:
    The import of ‘Control.Applicative’ is redundant
      except perhaps to import instances from ‘Control.Applicative’
    To import instances alone, use: import Control.Applicative()

Yesod/Auth/GoogleEmail2.hs:82:1: Warning:
    The import of ‘Data.Monoid’ is redundant
      except perhaps to import instances from ‘Data.Monoid’
    To import instances alone, use: import Data.Monoid()
In-place registering yesod-auth-1.4.8...
Installing library in
/home/caue/.stack/snapshots/x86_64-linux/lts-3.15/7.10.2/lib/x86_64-linux-ghc-7.10.2/yesod-auth-1.4.8-FAwMab0t3t0B4V3WQGRtWJ
Registering yesod-auth-1.4.8...
